[debug] [2025-12-30T18:36:51.492Z] > command requires scopes: ["email","openid","https://www.googleapis.com/auth/cloudplatformprojects.readonly","https://www.googleapis.com/auth/firebase","https://www.googleapis.com/auth/cloud-platform"]
[debug] [2025-12-30T18:36:51.494Z] > authorizing via signed-in user (brindusanraull@gmail.com)
[debug] [2025-12-30T18:36:51.494Z] > command requires scopes: ["email","openid","https://www.googleapis.com/auth/cloudplatformprojects.readonly","https://www.googleapis.com/auth/firebase","https://www.googleapis.com/auth/cloud-platform"]
[debug] [2025-12-30T18:36:51.494Z] > authorizing via signed-in user (brindusanraull@gmail.com)
[debug] [2025-12-30T18:36:51.495Z] Checked if tokens are valid: false, expires at: 1767107931386
[debug] [2025-12-30T18:36:51.495Z] Checked if tokens are valid: false, expires at: 1767107931386
[debug] [2025-12-30T18:36:51.495Z] > refreshing access token with scopes: []
[debug] [2025-12-30T18:36:51.496Z] >>> [apiv2][query] POST https://www.googleapis.com/oauth2/v3/token [none]
[debug] [2025-12-30T18:36:51.496Z] >>> [apiv2][body] POST https://www.googleapis.com/oauth2/v3/token [omitted]
[debug] [2025-12-30T18:36:51.517Z] Checked if tokens are valid: false, expires at: 1767107931386
[debug] [2025-12-30T18:36:51.517Z] Checked if tokens are valid: false, expires at: 1767107931386
[debug] [2025-12-30T18:36:51.518Z] > refreshing access token with scopes: []
[debug] [2025-12-30T18:36:51.518Z] >>> [apiv2][query] POST https://www.googleapis.com/oauth2/v3/token [none]
[debug] [2025-12-30T18:36:51.518Z] >>> [apiv2][body] POST https://www.googleapis.com/oauth2/v3/token [omitted]
[debug] [2025-12-30T18:36:51.519Z] > command requires scopes: ["email","openid","https://www.googleapis.com/auth/cloudplatformprojects.readonly","https://www.googleapis.com/auth/firebase","https://www.googleapis.com/auth/cloud-platform"]
[debug] [2025-12-30T18:36:51.519Z] > authorizing via signed-in user (brindusanraull@gmail.com)
[debug] [2025-12-30T18:36:51.519Z] Checked if tokens are valid: false, expires at: 1767107931386
[debug] [2025-12-30T18:36:51.519Z] Checked if tokens are valid: false, expires at: 1767107931386
[debug] [2025-12-30T18:36:51.519Z] > refreshing access token with scopes: []
[debug] [2025-12-30T18:36:51.519Z] >>> [apiv2][query] POST https://www.googleapis.com/oauth2/v3/token [none]
[debug] [2025-12-30T18:36:51.519Z] >>> [apiv2][body] POST https://www.googleapis.com/oauth2/v3/token [omitted]
[debug] [2025-12-30T18:36:51.627Z] <<< [apiv2][status] POST https://www.googleapis.com/oauth2/v3/token 200
[debug] [2025-12-30T18:36:51.627Z] <<< [apiv2][body] POST https://www.googleapis.com/oauth2/v3/token [omitted]
[debug] [2025-12-30T18:36:51.646Z] >>> [apiv2][query] GET https://cloudbilling.googleapis.com/v1/projects/nunta360-e2f0e/billingInfo [none]
[debug] [2025-12-30T18:36:51.652Z] <<< [apiv2][status] POST https://www.googleapis.com/oauth2/v3/token 200
[debug] [2025-12-30T18:36:51.652Z] <<< [apiv2][body] POST https://www.googleapis.com/oauth2/v3/token [omitted]
[debug] [2025-12-30T18:36:51.660Z] >>> [apiv2][query] GET https://cloudbilling.googleapis.com/v1/projects/nunta360-e2f0e/billingInfo [none]
[debug] [2025-12-30T18:36:51.672Z] <<< [apiv2][status] POST https://www.googleapis.com/oauth2/v3/token 200
[debug] [2025-12-30T18:36:51.672Z] <<< [apiv2][body] POST https://www.googleapis.com/oauth2/v3/token [omitted]
[debug] [2025-12-30T18:36:51.680Z] >>> [apiv2][query] GET https://cloudbilling.googleapis.com/v1/projects/nunta360-e2f0e/billingInfo [none]
[debug] [2025-12-30T18:36:51.993Z] <<< [apiv2][status] GET https://cloudbilling.googleapis.com/v1/projects/nunta360-e2f0e/billingInfo 200
[debug] [2025-12-30T18:36:51.993Z] <<< [apiv2][body] GET https://cloudbilling.googleapis.com/v1/projects/nunta360-e2f0e/billingInfo {"name":"projects/nunta360-e2f0e/billingInfo","projectId":"nunta360-e2f0e","billingAccountName":"","billingEnabled":false}
[debug] [2025-12-30T18:36:52.075Z] Checked if tokens are valid: true, expires at: 1767123410672
[debug] [2025-12-30T18:36:52.076Z] Checked if tokens are valid: true, expires at: 1767123410672
[debug] [2025-12-30T18:36:52.076Z] Checked if tokens are valid: true, expires at: 1767123410672
[debug] [2025-12-30T18:36:52.076Z] Checked if tokens are valid: true, expires at: 1767123410672
[debug] [2025-12-30T18:36:52.076Z] Checked if tokens are valid: true, expires at: 1767123410672
[debug] [2025-12-30T18:36:52.076Z] Checked if tokens are valid: true, expires at: 1767123410672
[debug] [2025-12-30T18:36:52.076Z] Checked if tokens are valid: true, expires at: 1767123410672
[debug] [2025-12-30T18:36:52.076Z] Checked if tokens are valid: true, expires at: 1767123410672
[debug] [2025-12-30T18:36:52.076Z] Checked if tokens are valid: true, expires at: 1767123410672
[debug] [2025-12-30T18:36:52.076Z] Checked if tokens are valid: true, expires at: 1767123410672
[debug] [2025-12-30T18:36:52.076Z] Checked if tokens are valid: true, expires at: 1767123410672
[debug] [2025-12-30T18:36:52.076Z] Checked if tokens are valid: true, expires at: 1767123410672
[debug] [2025-12-30T18:36:52.083Z] Checked if tokens are valid: true, expires at: 1767123410672
[debug] [2025-12-30T18:36:52.083Z] Checked if tokens are valid: true, expires at: 1767123410672
[debug] [2025-12-30T18:36:52.084Z] Checked if tokens are valid: true, expires at: 1767123410672
[debug] [2025-12-30T18:36:52.084Z] Checked if tokens are valid: true, expires at: 1767123410672
[debug] [2025-12-30T18:36:52.084Z] >>> [apiv2][query] GET https://serviceusage.googleapis.com/v1/projects/nunta360-e2f0e/services/storage.googleapis.com [none]
[debug] [2025-12-30T18:36:52.084Z] >>> [apiv2][(partial)header] GET https://serviceusage.googleapis.com/v1/projects/nunta360-e2f0e/services/storage.googleapis.com x-goog-quota-user=projects/nunta360-e2f0e
[debug] [2025-12-30T18:36:52.085Z] >>> [apiv2][query] GET https://serviceusage.googleapis.com/v1/projects/nunta360-e2f0e/services/firebasedataconnect.googleapis.com [none]
[debug] [2025-12-30T18:36:52.085Z] >>> [apiv2][(partial)header] GET https://serviceusage.googleapis.com/v1/projects/nunta360-e2f0e/services/firebasedataconnect.googleapis.com x-goog-quota-user=projects/nunta360-e2f0e
[debug] [2025-12-30T18:36:52.085Z] >>> [apiv2][query] GET https://serviceusage.googleapis.com/v1/projects/nunta360-e2f0e/services/identitytoolkit.googleapis.com [none]
[debug] [2025-12-30T18:36:52.085Z] >>> [apiv2][(partial)header] GET https://serviceusage.googleapis.com/v1/projects/nunta360-e2f0e/services/identitytoolkit.googleapis.com x-goog-quota-user=projects/nunta360-e2f0e
[debug] [2025-12-30T18:36:52.086Z] >>> [apiv2][query] GET https://serviceusage.googleapis.com/v1/projects/nunta360-e2f0e/services/fcm.googleapis.com [none]
[debug] [2025-12-30T18:36:52.086Z] >>> [apiv2][(partial)header] GET https://serviceusage.googleapis.com/v1/projects/nunta360-e2f0e/services/fcm.googleapis.com x-goog-quota-user=projects/nunta360-e2f0e
[debug] [2025-12-30T18:36:52.087Z] >>> [apiv2][query] GET https://serviceusage.googleapis.com/v1/projects/nunta360-e2f0e/services/cloudfunctions.googleapis.com [none]
[debug] [2025-12-30T18:36:52.087Z] >>> [apiv2][(partial)header] GET https://serviceusage.googleapis.com/v1/projects/nunta360-e2f0e/services/cloudfunctions.googleapis.com x-goog-quota-user=projects/nunta360-e2f0e
[debug] [2025-12-30T18:36:52.087Z] >>> [apiv2][query] GET https://serviceusage.googleapis.com/v1/projects/nunta360-e2f0e/services/firebaseremoteconfig.googleapis.com [none]
[debug] [2025-12-30T18:36:52.087Z] >>> [apiv2][(partial)header] GET https://serviceusage.googleapis.com/v1/projects/nunta360-e2f0e/services/firebaseremoteconfig.googleapis.com x-goog-quota-user=projects/nunta360-e2f0e
[debug] [2025-12-30T18:36:52.088Z] >>> [apiv2][query] GET https://serviceusage.googleapis.com/v1/projects/nunta360-e2f0e/services/firebaseapphosting.googleapis.com [none]
[debug] [2025-12-30T18:36:52.088Z] >>> [apiv2][(partial)header] GET https://serviceusage.googleapis.com/v1/projects/nunta360-e2f0e/services/firebaseapphosting.googleapis.com x-goog-quota-user=projects/nunta360-e2f0e
[debug] [2025-12-30T18:36:52.088Z] >>> [apiv2][query] GET https://serviceusage.googleapis.com/v1/projects/nunta360-e2f0e/services/firebaseio.com [none]
[debug] [2025-12-30T18:36:52.088Z] >>> [apiv2][(partial)header] GET https://serviceusage.googleapis.com/v1/projects/nunta360-e2f0e/services/firebaseio.com x-goog-quota-user=projects/nunta360-e2f0e
[debug] [2025-12-30T18:36:52.163Z] <<< [apiv2][status] GET https://cloudbilling.googleapis.com/v1/projects/nunta360-e2f0e/billingInfo 200
[debug] [2025-12-30T18:36:52.163Z] <<< [apiv2][body] GET https://cloudbilling.googleapis.com/v1/projects/nunta360-e2f0e/billingInfo {"name":"projects/nunta360-e2f0e/billingInfo","projectId":"nunta360-e2f0e","billingAccountName":"","billingEnabled":false}
[debug] [2025-12-30T18:36:52.170Z] Checked if tokens are valid: true, expires at: 1767123410672
[debug] [2025-12-30T18:36:52.170Z] Checked if tokens are valid: true, expires at: 1767123410672
[debug] [2025-12-30T18:36:52.170Z] Checked if tokens are valid: true, expires at: 1767123410672
[debug] [2025-12-30T18:36:52.170Z] Checked if tokens are valid: true, expires at: 1767123410672
[debug] [2025-12-30T18:36:52.170Z] Checked if tokens are valid: true, expires at: 1767123410672
[debug] [2025-12-30T18:36:52.171Z] Checked if tokens are valid: true, expires at: 1767123410672
[debug] [2025-12-30T18:36:52.171Z] Checked if tokens are valid: true, expires at: 1767123410672
[debug] [2025-12-30T18:36:52.171Z] Checked if tokens are valid: true, expires at: 1767123410672
[debug] [2025-12-30T18:36:52.171Z] Checked if tokens are valid: true, expires at: 1767123410672
[debug] [2025-12-30T18:36:52.171Z] Checked if tokens are valid: true, expires at: 1767123410672
[debug] [2025-12-30T18:36:52.171Z] Checked if tokens are valid: true, expires at: 1767123410672
[debug] [2025-12-30T18:36:52.171Z] Checked if tokens are valid: true, expires at: 1767123410672
[debug] [2025-12-30T18:36:52.173Z] Checked if tokens are valid: true, expires at: 1767123410672
[debug] [2025-12-30T18:36:52.173Z] Checked if tokens are valid: true, expires at: 1767123410672
[debug] [2025-12-30T18:36:52.173Z] Checked if tokens are valid: true, expires at: 1767123410672
[debug] [2025-12-30T18:36:52.173Z] Checked if tokens are valid: true, expires at: 1767123410672
[debug] [2025-12-30T18:36:52.174Z] >>> [apiv2][query] GET https://serviceusage.googleapis.com/v1/projects/nunta360-e2f0e/services/storage.googleapis.com [none]
[debug] [2025-12-30T18:36:52.174Z] >>> [apiv2][(partial)header] GET https://serviceusage.googleapis.com/v1/projects/nunta360-e2f0e/services/storage.googleapis.com x-goog-quota-user=projects/nunta360-e2f0e
[debug] [2025-12-30T18:36:52.174Z] >>> [apiv2][query] GET https://serviceusage.googleapis.com/v1/projects/nunta360-e2f0e/services/firebasedataconnect.googleapis.com [none]
[debug] [2025-12-30T18:36:52.174Z] >>> [apiv2][(partial)header] GET https://serviceusage.googleapis.com/v1/projects/nunta360-e2f0e/services/firebasedataconnect.googleapis.com x-goog-quota-user=projects/nunta360-e2f0e
[debug] [2025-12-30T18:36:52.175Z] >>> [apiv2][query] GET https://serviceusage.googleapis.com/v1/projects/nunta360-e2f0e/services/identitytoolkit.googleapis.com [none]
[debug] [2025-12-30T18:36:52.175Z] >>> [apiv2][(partial)header] GET https://serviceusage.googleapis.com/v1/projects/nunta360-e2f0e/services/identitytoolkit.googleapis.com x-goog-quota-user=projects/nunta360-e2f0e
[debug] [2025-12-30T18:36:52.175Z] >>> [apiv2][query] GET https://serviceusage.googleapis.com/v1/projects/nunta360-e2f0e/services/fcm.googleapis.com [none]
[debug] [2025-12-30T18:36:52.175Z] >>> [apiv2][(partial)header] GET https://serviceusage.googleapis.com/v1/projects/nunta360-e2f0e/services/fcm.googleapis.com x-goog-quota-user=projects/nunta360-e2f0e
[debug] [2025-12-30T18:36:52.176Z] >>> [apiv2][query] GET https://serviceusage.googleapis.com/v1/projects/nunta360-e2f0e/services/cloudfunctions.googleapis.com [none]
[debug] [2025-12-30T18:36:52.176Z] >>> [apiv2][(partial)header] GET https://serviceusage.googleapis.com/v1/projects/nunta360-e2f0e/services/cloudfunctions.googleapis.com x-goog-quota-user=projects/nunta360-e2f0e
[debug] [2025-12-30T18:36:52.176Z] >>> [apiv2][query] GET https://serviceusage.googleapis.com/v1/projects/nunta360-e2f0e/services/firebaseremoteconfig.googleapis.com [none]
[debug] [2025-12-30T18:36:52.176Z] >>> [apiv2][(partial)header] GET https://serviceusage.googleapis.com/v1/projects/nunta360-e2f0e/services/firebaseremoteconfig.googleapis.com x-goog-quota-user=projects/nunta360-e2f0e
[debug] [2025-12-30T18:36:52.177Z] >>> [apiv2][query] GET https://serviceusage.googleapis.com/v1/projects/nunta360-e2f0e/services/firebaseapphosting.googleapis.com [none]
[debug] [2025-12-30T18:36:52.177Z] >>> [apiv2][(partial)header] GET https://serviceusage.googleapis.com/v1/projects/nunta360-e2f0e/services/firebaseapphosting.googleapis.com x-goog-quota-user=projects/nunta360-e2f0e
[debug] [2025-12-30T18:36:52.177Z] >>> [apiv2][query] GET https://serviceusage.googleapis.com/v1/projects/nunta360-e2f0e/services/firebaseio.com [none]
[debug] [2025-12-30T18:36:52.177Z] >>> [apiv2][(partial)header] GET https://serviceusage.googleapis.com/v1/projects/nunta360-e2f0e/services/firebaseio.com x-goog-quota-user=projects/nunta360-e2f0e
[debug] [2025-12-30T18:36:52.185Z] <<< [apiv2][status] GET https://cloudbilling.googleapis.com/v1/projects/nunta360-e2f0e/billingInfo 200
[debug] [2025-12-30T18:36:52.185Z] <<< [apiv2][body] GET https://cloudbilling.googleapis.com/v1/projects/nunta360-e2f0e/billingInfo {"name":"projects/nunta360-e2f0e/billingInfo","projectId":"nunta360-e2f0e","billingAccountName":"","billingEnabled":false}
[debug] [2025-12-30T18:36:52.191Z] Checked if tokens are valid: true, expires at: 1767123410672
[debug] [2025-12-30T18:36:52.191Z] Checked if tokens are valid: true, expires at: 1767123410672
[debug] [2025-12-30T18:36:52.191Z] Checked if tokens are valid: true, expires at: 1767123410672
[debug] [2025-12-30T18:36:52.191Z] Checked if tokens are valid: true, expires at: 1767123410672
[debug] [2025-12-30T18:36:52.192Z] Checked if tokens are valid: true, expires at: 1767123410672
[debug] [2025-12-30T18:36:52.192Z] Checked if tokens are valid: true, expires at: 1767123410672
[debug] [2025-12-30T18:36:52.192Z] Checked if tokens are valid: true, expires at: 1767123410672
[debug] [2025-12-30T18:36:52.192Z] Checked if tokens are valid: true, expires at: 1767123410672
[debug] [2025-12-30T18:36:52.192Z] Checked if tokens are valid: true, expires at: 1767123410672
[debug] [2025-12-30T18:36:52.192Z] Checked if tokens are valid: true, expires at: 1767123410672
[debug] [2025-12-30T18:36:52.192Z] Checked if tokens are valid: true, expires at: 1767123410672
[debug] [2025-12-30T18:36:52.192Z] Checked if tokens are valid: true, expires at: 1767123410672
[debug] [2025-12-30T18:36:52.194Z] Checked if tokens are valid: true, expires at: 1767123410672
[debug] [2025-12-30T18:36:52.194Z] Checked if tokens are valid: true, expires at: 1767123410672
[debug] [2025-12-30T18:36:52.194Z] Checked if tokens are valid: true, expires at: 1767123410672
[debug] [2025-12-30T18:36:52.194Z] Checked if tokens are valid: true, expires at: 1767123410672
[debug] [2025-12-30T18:36:52.194Z] >>> [apiv2][query] GET https://serviceusage.googleapis.com/v1/projects/nunta360-e2f0e/services/storage.googleapis.com [none]
[debug] [2025-12-30T18:36:52.195Z] >>> [apiv2][(partial)header] GET https://serviceusage.googleapis.com/v1/projects/nunta360-e2f0e/services/storage.googleapis.com x-goog-quota-user=projects/nunta360-e2f0e
[debug] [2025-12-30T18:36:52.195Z] >>> [apiv2][query] GET https://serviceusage.googleapis.com/v1/projects/nunta360-e2f0e/services/firebasedataconnect.googleapis.com [none]
[debug] [2025-12-30T18:36:52.195Z] >>> [apiv2][(partial)header] GET https://serviceusage.googleapis.com/v1/projects/nunta360-e2f0e/services/firebasedataconnect.googleapis.com x-goog-quota-user=projects/nunta360-e2f0e
[debug] [2025-12-30T18:36:52.195Z] >>> [apiv2][query] GET https://serviceusage.googleapis.com/v1/projects/nunta360-e2f0e/services/identitytoolkit.googleapis.com [none]
[debug] [2025-12-30T18:36:52.196Z] >>> [apiv2][(partial)header] GET https://serviceusage.googleapis.com/v1/projects/nunta360-e2f0e/services/identitytoolkit.googleapis.com x-goog-quota-user=projects/nunta360-e2f0e
[debug] [2025-12-30T18:36:52.196Z] >>> [apiv2][query] GET https://serviceusage.googleapis.com/v1/projects/nunta360-e2f0e/services/fcm.googleapis.com [none]
[debug] [2025-12-30T18:36:52.196Z] >>> [apiv2][(partial)header] GET https://serviceusage.googleapis.com/v1/projects/nunta360-e2f0e/services/fcm.googleapis.com x-goog-quota-user=projects/nunta360-e2f0e
[debug] [2025-12-30T18:36:52.196Z] >>> [apiv2][query] GET https://serviceusage.googleapis.com/v1/projects/nunta360-e2f0e/services/cloudfunctions.googleapis.com [none]
[debug] [2025-12-30T18:36:52.196Z] >>> [apiv2][(partial)header] GET https://serviceusage.googleapis.com/v1/projects/nunta360-e2f0e/services/cloudfunctions.googleapis.com x-goog-quota-user=projects/nunta360-e2f0e
[debug] [2025-12-30T18:36:52.197Z] >>> [apiv2][query] GET https://serviceusage.googleapis.com/v1/projects/nunta360-e2f0e/services/firebaseremoteconfig.googleapis.com [none]
[debug] [2025-12-30T18:36:52.197Z] >>> [apiv2][(partial)header] GET https://serviceusage.googleapis.com/v1/projects/nunta360-e2f0e/services/firebaseremoteconfig.googleapis.com x-goog-quota-user=projects/nunta360-e2f0e
[debug] [2025-12-30T18:36:52.197Z] >>> [apiv2][query] GET https://serviceusage.googleapis.com/v1/projects/nunta360-e2f0e/services/firebaseapphosting.googleapis.com [none]
[debug] [2025-12-30T18:36:52.197Z] >>> [apiv2][(partial)header] GET https://serviceusage.googleapis.com/v1/projects/nunta360-e2f0e/services/firebaseapphosting.googleapis.com x-goog-quota-user=projects/nunta360-e2f0e
[debug] [2025-12-30T18:36:52.198Z] >>> [apiv2][query] GET https://serviceusage.googleapis.com/v1/projects/nunta360-e2f0e/services/firebaseio.com [none]
[debug] [2025-12-30T18:36:52.198Z] >>> [apiv2][(partial)header] GET https://serviceusage.googleapis.com/v1/projects/nunta360-e2f0e/services/firebaseio.com x-goog-quota-user=projects/nunta360-e2f0e
[debug] [2025-12-30T18:36:52.997Z] <<< [apiv2][status] GET https://serviceusage.googleapis.com/v1/projects/nunta360-e2f0e/services/firebaseio.com 403
[debug] [2025-12-30T18:36:52.997Z] <<< [apiv2][body] GET https://serviceusage.googleapis.com/v1/projects/nunta360-e2f0e/services/firebaseio.com [omitted]
[debug] [2025-12-30T18:36:53.064Z] <<< [apiv2][status] GET https://serviceusage.googleapis.com/v1/projects/nunta360-e2f0e/services/fcm.googleapis.com 200
[debug] [2025-12-30T18:36:53.064Z] <<< [apiv2][body] GET https://serviceusage.googleapis.com/v1/projects/nunta360-e2f0e/services/fcm.googleapis.com [omitted]
[debug] [2025-12-30T18:36:53.080Z] <<< [apiv2][status] GET https://serviceusage.googleapis.com/v1/projects/nunta360-e2f0e/services/firebasedataconnect.googleapis.com 200
[debug] [2025-12-30T18:36:53.080Z] <<< [apiv2][body] GET https://serviceusage.googleapis.com/v1/projects/nunta360-e2f0e/services/firebasedataconnect.googleapis.com [omitted]
[debug] [2025-12-30T18:36:53.082Z] <<< [apiv2][status] GET https://serviceusage.googleapis.com/v1/projects/nunta360-e2f0e/services/identitytoolkit.googleapis.com 200
[debug] [2025-12-30T18:36:53.082Z] <<< [apiv2][body] GET https://serviceusage.googleapis.com/v1/projects/nunta360-e2f0e/services/identitytoolkit.googleapis.com [omitted]
[debug] [2025-12-30T18:36:53.087Z] <<< [apiv2][status] GET https://serviceusage.googleapis.com/v1/projects/nunta360-e2f0e/services/storage.googleapis.com 200
[debug] [2025-12-30T18:36:53.087Z] <<< [apiv2][body] GET https://serviceusage.googleapis.com/v1/projects/nunta360-e2f0e/services/storage.googleapis.com [omitted]
[debug] [2025-12-30T18:36:53.098Z] <<< [apiv2][status] GET https://serviceusage.googleapis.com/v1/projects/nunta360-e2f0e/services/cloudfunctions.googleapis.com 200
[debug] [2025-12-30T18:36:53.099Z] <<< [apiv2][body] GET https://serviceusage.googleapis.com/v1/projects/nunta360-e2f0e/services/cloudfunctions.googleapis.com [omitted]
[debug] [2025-12-30T18:36:53.105Z] <<< [apiv2][status] GET https://serviceusage.googleapis.com/v1/projects/nunta360-e2f0e/services/firebaseremoteconfig.googleapis.com 200
[debug] [2025-12-30T18:36:53.105Z] <<< [apiv2][body] GET https://serviceusage.googleapis.com/v1/projects/nunta360-e2f0e/services/firebaseremoteconfig.googleapis.com [omitted]
[debug] [2025-12-30T18:36:53.110Z] <<< [apiv2][status] GET https://serviceusage.googleapis.com/v1/projects/nunta360-e2f0e/services/firebaseapphosting.googleapis.com 200
[debug] [2025-12-30T18:36:53.110Z] <<< [apiv2][body] GET https://serviceusage.googleapis.com/v1/projects/nunta360-e2f0e/services/firebaseapphosting.googleapis.com [omitted]
[debug] [2025-12-30T18:36:53.726Z] <<< [apiv2][status] GET https://serviceusage.googleapis.com/v1/projects/nunta360-e2f0e/services/firebaseio.com 403
[debug] [2025-12-30T18:36:53.727Z] <<< [apiv2][body] GET https://serviceusage.googleapis.com/v1/projects/nunta360-e2f0e/services/firebaseio.com [omitted]
[debug] [2025-12-30T18:36:53.739Z] <<< [apiv2][status] GET https://serviceusage.googleapis.com/v1/projects/nunta360-e2f0e/services/firebaseio.com 403
[debug] [2025-12-30T18:36:53.739Z] <<< [apiv2][body] GET https://serviceusage.googleapis.com/v1/projects/nunta360-e2f0e/services/firebaseio.com [omitted]
[debug] [2025-12-30T18:36:53.882Z] <<< [apiv2][status] GET https://serviceusage.googleapis.com/v1/projects/nunta360-e2f0e/services/fcm.googleapis.com 200
[debug] [2025-12-30T18:36:53.883Z] <<< [apiv2][body] GET https://serviceusage.googleapis.com/v1/projects/nunta360-e2f0e/services/fcm.googleapis.com [omitted]
[debug] [2025-12-30T18:36:53.898Z] <<< [apiv2][status] GET https://serviceusage.googleapis.com/v1/projects/nunta360-e2f0e/services/identitytoolkit.googleapis.com 200
[debug] [2025-12-30T18:36:53.898Z] <<< [apiv2][body] GET https://serviceusage.googleapis.com/v1/projects/nunta360-e2f0e/services/identitytoolkit.googleapis.com [omitted]
[debug] [2025-12-30T18:36:53.903Z] <<< [apiv2][status] GET https://serviceusage.googleapis.com/v1/projects/nunta360-e2f0e/services/storage.googleapis.com 200
[debug] [2025-12-30T18:36:53.903Z] <<< [apiv2][body] GET https://serviceusage.googleapis.com/v1/projects/nunta360-e2f0e/services/storage.googleapis.com [omitted]
[debug] [2025-12-30T18:36:53.909Z] <<< [apiv2][status] GET https://serviceusage.googleapis.com/v1/projects/nunta360-e2f0e/services/fcm.googleapis.com 200
[debug] [2025-12-30T18:36:53.909Z] <<< [apiv2][body] GET https://serviceusage.googleapis.com/v1/projects/nunta360-e2f0e/services/fcm.googleapis.com [omitted]
[debug] [2025-12-30T18:36:53.914Z] <<< [apiv2][status] GET https://serviceusage.googleapis.com/v1/projects/nunta360-e2f0e/services/firebasedataconnect.googleapis.com 200
[debug] [2025-12-30T18:36:53.915Z] <<< [apiv2][body] GET https://serviceusage.googleapis.com/v1/projects/nunta360-e2f0e/services/firebasedataconnect.googleapis.com [omitted]
[debug] [2025-12-30T18:36:53.919Z] <<< [apiv2][status] GET https://serviceusage.googleapis.com/v1/projects/nunta360-e2f0e/services/firebaseapphosting.googleapis.com 200
[debug] [2025-12-30T18:36:53.919Z] <<< [apiv2][body] GET https://serviceusage.googleapis.com/v1/projects/nunta360-e2f0e/services/firebaseapphosting.googleapis.com [omitted]
[debug] [2025-12-30T18:36:53.924Z] <<< [apiv2][status] GET https://serviceusage.googleapis.com/v1/projects/nunta360-e2f0e/services/firebasedataconnect.googleapis.com 200
[debug] [2025-12-30T18:36:53.924Z] <<< [apiv2][body] GET https://serviceusage.googleapis.com/v1/projects/nunta360-e2f0e/services/firebasedataconnect.googleapis.com [omitted]
[debug] [2025-12-30T18:36:53.929Z] <<< [apiv2][status] GET https://serviceusage.googleapis.com/v1/projects/nunta360-e2f0e/services/cloudfunctions.googleapis.com 200
[debug] [2025-12-30T18:36:53.929Z] <<< [apiv2][body] GET https://serviceusage.googleapis.com/v1/projects/nunta360-e2f0e/services/cloudfunctions.googleapis.com [omitted]
[debug] [2025-12-30T18:36:53.934Z] <<< [apiv2][status] GET https://serviceusage.googleapis.com/v1/projects/nunta360-e2f0e/services/identitytoolkit.googleapis.com 200
[debug] [2025-12-30T18:36:53.934Z] <<< [apiv2][body] GET https://serviceusage.googleapis.com/v1/projects/nunta360-e2f0e/services/identitytoolkit.googleapis.com [omitted]
[debug] [2025-12-30T18:36:53.938Z] <<< [apiv2][status] GET https://serviceusage.googleapis.com/v1/projects/nunta360-e2f0e/services/firebaseremoteconfig.googleapis.com 200
[debug] [2025-12-30T18:36:53.938Z] <<< [apiv2][body] GET https://serviceusage.googleapis.com/v1/projects/nunta360-e2f0e/services/firebaseremoteconfig.googleapis.com [omitted]
[debug] [2025-12-30T18:36:53.944Z] <<< [apiv2][status] GET https://serviceusage.googleapis.com/v1/projects/nunta360-e2f0e/services/storage.googleapis.com 200
[debug] [2025-12-30T18:36:53.944Z] <<< [apiv2][body] GET https://serviceusage.googleapis.com/v1/projects/nunta360-e2f0e/services/storage.googleapis.com [omitted]
[debug] [2025-12-30T18:36:53.958Z] <<< [apiv2][status] GET https://serviceusage.googleapis.com/v1/projects/nunta360-e2f0e/services/firebaseapphosting.googleapis.com 200
[debug] [2025-12-30T18:36:53.958Z] <<< [apiv2][body] GET https://serviceusage.googleapis.com/v1/projects/nunta360-e2f0e/services/firebaseapphosting.googleapis.com [omitted]
[debug] [2025-12-30T18:36:53.966Z] <<< [apiv2][status] GET https://serviceusage.googleapis.com/v1/projects/nunta360-e2f0e/services/firebaseremoteconfig.googleapis.com 200
[debug] [2025-12-30T18:36:53.966Z] <<< [apiv2][body] GET https://serviceusage.googleapis.com/v1/projects/nunta360-e2f0e/services/firebaseremoteconfig.googleapis.com [omitted]
[debug] [2025-12-30T18:36:53.985Z] > command requires scopes: ["email","openid","https://www.googleapis.com/auth/cloudplatformprojects.readonly","https://www.googleapis.com/auth/firebase","https://www.googleapis.com/auth/cloud-platform"]
[debug] [2025-12-30T18:36:53.986Z] > authorizing via signed-in user (brindusanraull@gmail.com)
[debug] [2025-12-30T18:36:53.986Z] Checked if tokens are valid: true, expires at: 1767123410672
[debug] [2025-12-30T18:36:53.986Z] Checked if tokens are valid: true, expires at: 1767123410672
[debug] [2025-12-30T18:36:53.986Z] >>> [apiv2][query] GET https://cloudbilling.googleapis.com/v1/projects/nunta360-e2f0e/billingInfo [none]
[debug] [2025-12-30T18:36:53.987Z] <<< [apiv2][status] GET https://serviceusage.googleapis.com/v1/projects/nunta360-e2f0e/services/cloudfunctions.googleapis.com 200
[debug] [2025-12-30T18:36:53.987Z] <<< [apiv2][body] GET https://serviceusage.googleapis.com/v1/projects/nunta360-e2f0e/services/cloudfunctions.googleapis.com [omitted]
[debug] [2025-12-30T18:36:54.002Z] > command requires scopes: ["email","openid","https://www.googleapis.com/auth/cloudplatformprojects.readonly","https://www.googleapis.com/auth/firebase","https://www.googleapis.com/auth/cloud-platform"]
[debug] [2025-12-30T18:36:54.002Z] > authorizing via signed-in user (brindusanraull@gmail.com)
[debug] [2025-12-30T18:36:54.002Z] Checked if tokens are valid: true, expires at: 1767123410672
[debug] [2025-12-30T18:36:54.002Z] Checked if tokens are valid: true, expires at: 1767123410672
[debug] [2025-12-30T18:36:54.002Z] >>> [apiv2][query] GET https://cloudbilling.googleapis.com/v1/projects/nunta360-e2f0e/billingInfo [none]
[debug] [2025-12-30T18:36:54.178Z] <<< [apiv2][status] GET https://cloudbilling.googleapis.com/v1/projects/nunta360-e2f0e/billingInfo 200
[debug] [2025-12-30T18:36:54.178Z] <<< [apiv2][body] GET https://cloudbilling.googleapis.com/v1/projects/nunta360-e2f0e/billingInfo {"name":"projects/nunta360-e2f0e/billingInfo","projectId":"nunta360-e2f0e","billingAccountName":"","billingEnabled":false}
[debug] [2025-12-30T18:36:54.189Z] > command requires scopes: ["email","openid","https://www.googleapis.com/auth/cloudplatformprojects.readonly","https://www.googleapis.com/auth/firebase","https://www.googleapis.com/auth/cloud-platform"]
[debug] [2025-12-30T18:36:54.189Z] > authorizing via signed-in user (brindusanraull@gmail.com)
[debug] [2025-12-30T18:36:54.190Z] <<< [apiv2][status] GET https://cloudbilling.googleapis.com/v1/projects/nunta360-e2f0e/billingInfo 200
[debug] [2025-12-30T18:36:54.191Z] <<< [apiv2][body] GET https://cloudbilling.googleapis.com/v1/projects/nunta360-e2f0e/billingInfo {"name":"projects/nunta360-e2f0e/billingInfo","projectId":"nunta360-e2f0e","billingAccountName":"","billingEnabled":false}
[debug] [2025-12-30T18:36:54.200Z] > command requires scopes: ["email","openid","https://www.googleapis.com/auth/cloudplatformprojects.readonly","https://www.googleapis.com/auth/firebase","https://www.googleapis.com/auth/cloud-platform"]
[debug] [2025-12-30T18:36:54.200Z] > authorizing via signed-in user (brindusanraull@gmail.com)
